<?xml version="1.0" encoding="UTF-8"?>
<!-- Generated by org.testng.reporters.JUnitReportReporter -->
<testsuite hostname="ai-PC" name="myAuto.practice.selenium.TC1" tests="1" failures="0" timestamp="14 May 2017 07:23:46 GMT" time="26.637" errors="0">
  <testcase name="init" time="26.637" classname="myAuto.practice.selenium.TC1"/>
</testsuite> <!-- myAuto.practice.selenium.TC1 -->
